<?xml version="1.0" encoding="UTF-8"?>
<!-- Generated by org.testng.reporters.JUnitReportReporter -->
<testsuite hostname="DESKTOP-3PV1IGU" failures="1" tests="1" name="Step_Definition.RegisterRunner" time="24.028" errors="0" timestamp="2021-10-07T20:06:07 IST" skipped="0">
  <testcase classname="Step_Definition.RegisterRunner" name="runScenario" time="24.028">
    <failure message="expected:&lt;[Your Account Has Been Created!]&gt; but was:&lt;[Register Account]&gt;" type="org.junit.ComparisonFailure">
      <![CDATA[org.junit.ComparisonFailure: expected:<[Your Account Has Been Created!]> but was:<[Register Account]>
at org.junit.Assert.assertEquals(Assert.java:117)
at org.junit.Assert.assertEquals(Assert.java:146)
at page_factories.Register_pagefac.invalid(Register_pagefac.java:95)
at Step_Definition.Registration_cl.validate_the_confirmation_message_in_the_account_page(Registration_cl.java:60)
at ✽.Validate the confirmation message in the account page(file:///C:/Users/Asifm/OneDrive/Desktop/sample/Sprint2_opencart/src/test/resources/Featurefiles/registration.feature:8)
]]>
    </failure>
  </testcase> <!-- runScenario -->
  <system-out/>
</testsuite> <!-- Step_Definition.RegisterRunner -->
